  _          _      __     ____                          
 | |   _   _(_)___  \ \   / /_/_ ______ _ _   _  ___ ____
 | |  | | | | / __|  \ \ / / _` |_  / _` | | | |/ _ \_  /
 | |__| |_| | \__ \   \ V / (_| |/ / (_| | |_| |  __// / 
 |_____\__,_|_|___/    \_/ \__,_/___\__, |\__,_|\___/___|
                                       |_|               
 __        __             _        __   __          _ _       _ 
 \ \      / /__ _ __   __| |_   _  \ \ / /   _ _ __(_) |_ ___(_)
  \ \ /\ / / _ \ '_ \ / _` | | | |  \ V / | | | '__| | __|_  / |
   \ V  V /  __/ | | | (_| | |_| |   | || |_| | |  | | |_ / /| |
    \_/\_/ \___|_| |_|\__,_|\__, |   |_| \__,_|_|  |_|\__/___|_|
                            |___/                               
     _    _ _          _  __     __    _           _       
    / \  (_) | ___  __| | \ \   / /_ _| | ___ _ __(_) ___  
   / _ \ | | |/ _ \/ _` |  \ \ / / _` | |/ _ \ '__| |/ _ \ 
  / ___ \| | |  __/ (_| |   \ V / (_| | |  __/ |  | | (_) |
 /_/   \_\_|_|\___|\__,_|    \_/ \__,_|_|\___|_|  |_|\___/ 
                                                           
  _____            _                    _   _                   __            _          
 | ____|_ __  _ __(_) __ _ _   _  ___  | | | | ___ _ __ _ __   /_/_ _ __   __| | ___ ____
 |  _| | '_ \| '__| |/ _` | | | |/ _ \ | |_| |/ _ \ '__| '_ \ / _` | '_ \ / _` |/ _ \_  /
 | |___| | | | |  | | (_| | |_| |  __/ |  _  |  __/ |  | | | | (_| | | | | (_| |  __// / 
 |_____|_| |_|_|  |_|\__, |\__,_|\___| |_| |_|\___|_|  |_| |_|\__,_|_| |_|\__,_|\___/___|
                        |_|                                                              
  ____              _      _         __  __                 _        _                   
 |  _ \  __ _ _ __ (_) ___| | __ _  |  \/  | __ _ _ __   __| |_   _ (_) __ _ _ __   ___  
 | | | |/ _` | '_ \| |/ _ \ |/ _` | | |\/| |/ _` | '_ \ / _` | | | || |/ _` | '_ \ / _ \ 
 | |_| | (_| | | | | |  __/ | (_| | | |  | | (_| | | | | (_| | |_| || | (_| | | | | (_) |
 |____/ \__,_|_| |_|_|\___|_|\__,_| |_|  |_|\__,_|_| |_|\__,_|\__,_|/ |\__,_|_| |_|\___/ 
                                                                  |__/                  



   ____ ____      _    ____ ___    _    ____    ____   ___  ____    _   _ _____ ___ _     ___ _____   _    ____  
  / ___|  _ \    / \  / ___|_ _|  / \  / ___|  |  _ \ / _ \|  _ \  | | | |_   _|_ _| |   |_ _|__  /  / \  |  _ \ 
 | |  _| |_) |  / _ \| |    | |  / _ \ \___ \  | |_) | | | | |_) | | | | | | |  | || |    | |  / /  / _ \ | |_) |
 | |_| |  _ <  / ___ \ |___ | | / ___ \ ___) | |  __/| |_| |  _ <  | |_| | | |  | || |___ | | / /_ / ___ \|  _ < 
  \____|_| \_\/_/   \_\____|___/_/   \_\____/  |_|    \___/|_| \_\  \___/  |_| |___|_____|___/____/_/   \_\_| \_\
                                                                                                                 

 		 _____ ____ _____ _____   ____  ____   ___   ____ ____      _    __  __    _         __  
 		| ____/ ___|_   _| ____| |  _ \|  _ \ / _ \ / ___|  _ \    / \  |  \/  |  / \     _  \ \ 
 		|  _| \___ \ | | |  _|   | |_) | |_) | | | | |  _| |_) |  / _ \ | |\/| | / _ \   (_)  | |
 		| |___ ___) || | | |___  |  __/|  _ <| |_| | |_| |  _ <  / ___ \| |  | |/ ___ \   _   | |
 		|_____|____/ |_| |_____| |_|   |_| \_\\___/ \____|_| \_\/_/   \_\_|  |_/_/   \_\ (_)  | |
                                                                                    		     /_/ 




                                                                                 